10:31:09: 78
10:32:37: 78
10:33:58: 78
10:36:27: [u'accommodation', u' Hostel', u' Lodging']
10:37:12: 78
10:37:40: [u'Lodging', u'accommodation', u'Hostel']
10:37:49: 1
10:37:49: 1
10:37:50: 1
10:37:56: 1
10:37:56: 1
10:37:58: 78
10:39:10: 1
10:39:10: 1
10:39:13: 78
10:39:25: 78
10:40:24: 50
10:40:27: 50
10:40:35: 50
10:40:37: 50
10:41:00: 50
10:41:11: 50
10:41:21: 50
10:41:22: 50
10:51:12: [u'Burritos', u' beers', u' smothies', u' chicken wings', u' rum', u'sandwiches']
10:51:21: 50
10:51:27: 269
10:51:40: 1
10:51:43: 1
10:51:43: 1
10:51:48: 269
10:52:21: 1
10:52:21: 1
10:52:27: 269
10:53:13: 51
10:53:14: 51
10:53:14: 51
10:53:15: 51
10:53:17: 51
10:53:17: 51
10:55:37: 50
10:55:45: 269
10:55:54: 269
10:55:57: 50
10:56:34: 50
10:58:49: 269
11:00:13: 1
11:00:13: 1
11:00:14: 1
11:03:46: 269
11:03:55: 269
11:04:17: 269
11:05:34: [u'Burritos', u'beers', u'Smoothies', u'chicken wings', u'rum', u'Sandwiches']
11:06:09: [u'Sandwiches', u'rum', u'chicken wings', u'smoothies', u'beers', u'Burritos']
11:38:57: [u'hotel', u'restaurant', u'live music']
11:41:01: [u'live music', u'restaurant', u'hotel']
11:45:30: [u'hotel', u'pasta', u'live music', u'fettuccine', u' spaghetti', u' papparedelle', u' lasagna']
12:00:37: [u'lobster/ fish with garlic', u'seafood rice', u'Seafood soups', u'cheap lunch']
12:01:35: [u'cheap lunch', u'Seafood soups', u'seafood rice', u'lobster/ fish with garlic']
12:07:07: [u'burgers', u'beers', u'Cocktails', u'pastas', u'meats', u'shrimps', u'soups']
12:08:15: [u'soups', u'shrimps', u'meats', u'pastas', u'Cocktails', u'beers', u'burgers']
12:08:59: [u'burgers', u'beers', u'Cocktails', u'pastas', u'meats', u'shrimps', u'soups']
12:10:40: [u'soups', u'shrimps', u'meats', u'pastas', u'Cocktails', u'beers', u'burgers']
12:14:14: [u'Sushi']
12:16:40: [u'Sushi']
12:21:09: [u'hotel']
12:21:12: [u'quesadillas', u'tacos.', u'Burritos', u'fast food', u' Mexican food']
12:22:53: [u'hotel']
12:39:32: [u'Burritos', u'tacos.', u'Quesadillas', u'fast food', u'Mexican Food']
12:41:41: [u'Mexican Food', u'fast food', u'Quesadillas', u'tacos.', u'Burritos']
12:45:33: [u'Sushi']
12:46:42: [u'private bathroom', u'kitchen', u'accommodation']
12:48:28: [u'Sushi', u' fish']
12:50:26: [u'beers', u'burgers', u'Pasta']
12:50:31: [u'beers and smothies', u'fish filet', u'ceviche', u'fish']
12:52:52: [u'drinks', u'food', u'fish']
12:53:32: [u'smoothies.', u'breakfast', u'Coffee', u'fish', u'fish filet', u'full bar']
12:54:26: [u'safety', u'cold beers', u'good environment', u'music to dance', u'fish', u'food']
12:55:00: [u'Coffee', u'Sandwiches', u'Burritos', u'Quesadillas']
12:55:10: [u'American (Traditional)', u' Barbecue', u' Brunch', u' Burgers', u' Italian food', u' Seafood', u' Steakhouses', u'Vegetarian food', u' drinks']
12:56:00: [u'Pasta', u'burgers', u'beers', u'full bar', u'food', u'fish', u'fish filet']
12:57:08: [u'Pasta', u'Carpaccio', u'chicken', u'Dinner', u'Steak', u'GG', u'fish']
12:58:06: [u'Sunset', u'pool', u'Duck', u'Pate', u'chicken', u'hotel', u'Rooms', u'french', u'Italian', u'beef', u'fish']
13:01:17: [u'ceviche', u'fish fillet', u'beers and smothies', u'fish']
13:03:44: [u'Tacos', u'beers', u'sodas', u'burritos', u' fish', u'rolled tacos', u'quesadilla']
13:05:49: [u'rental property', u'property manager', u'real estate', u'vacation rentals']
13:13:34: [u'vacation rentals', u'real estate', u'rental property', u'property manager']
13:18:06: [u'vacation rentals', u'real estate', u'property manager', u'rental property']
13:20:17: [u'vacation rentals', u'real estate', u'property manager', u'rental property']
11:33:33: [u'international transport']
11:45:04: [u'']
11:58:15: [u'surf lessons for beginners', u'transport to the beaches', u'surfboard and boogie rentals', u'snorkeling accessories', u'Surf accessories']
12:03:05: [u'drinks', u'food', u'Alcohol', u'Club', u'DJ']
12:04:44: [u'soaps', u' nica fries', u' meat barbecue', u' cheap food']
12:10:36: [u'wifi', u'Parking lot', u'Casino', u'accommodation']
12:22:28: [u'surfboard accessories', u'surfboards rentals', u'surf clothes', u'Surf lessons']
12:29:22: [u'food', u'drinks', u'fish']
12:32:52: [u'beef and chicken', u'drinks', u'seafood']
12:37:10: [u'Haircuts', u' haircuts for men']
12:56:48: [u'Coffee', u'breakfast', u'smoothies.', u'fish', u'fish filet', u'full bar']
16:26:40: [u'']
07:16:17: [u'Smoothies']
10:26:40: [u'English lessons for local children', u'volunteer', u'music lessons for local children', u'art lessons for local children', u'drama lessons for local children', u' dance lessons for local children']
11:11:10: [u'Spanish lessons']
11:12:21: [u'Spanish lessons']
11:13:33: [u'music lessons for local children', u'volunteer', u'English lessons for local children', u'art lessons for local children', u'drama lessons for local children', u'dance lessons for local children']
11:14:35: [u'Spanish lessons']
11:15:54: [u'Spanish lessons']
12:20:24: [u'chiropractor', u'chiropractic', u'massage']
12:22:03: [u'chiropractor', u'chiropractic', u'massage']
12:24:56: [u'chiropractor', u'chiropractic', u'massage']
11:49:37: [u'motorcycles rentals']
11:59:00: [u'international transport']
12:18:16: [u'cars']
12:31:07: [u'restaurant.', u'pool', u'accommodation']
12:39:40: [u'Surf accessories', u'snorkeling accessories', u'surfboard and boogie rentals', u'transport to the beaches', u'surf lessons for beginners']
12:40:17: [u'DJ', u'Club', u'Alcohol', u'food', u'drinks']
12:45:05: [u'barbecued', u'chicken', u'beef', u'pork', u'Enchiladas']
12:52:05: [u'Fish Tacos', u'Breaksfast', u'Pit-zas Gyros']
14:50:44: [u'Surf lessons', u'surf clothes', u'surfboards rentals', u'surfboard accessories']
15:34:37: [u'clothes', u'cosmetics', u'jewelry', u'shoes']
15:35:26: [u'ATV rentals', u'tour packages']
16:02:47: [u'hair cut']
16:03:39: [u'hair cut']
16:40:14: [u'accomodation', u'Coffee', u'Sandwiches', u'Salads', u'Hostal']
16:53:58: [u'cafe']
16:56:40: [u'cafe']
08:02:24: [u'protein shakes', u'smoothies', u'fruit smoothies', u'weights', u'treadmill', u'stationary bike', u'massage', u'gym']
08:04:21: [u'lobster/ fish with garlic', u'seafood rice', u'Seafood soups', u'cheap lunch']
08:17:37: [u'cell phone accessories', u'laptop accessories', u'credit for phone movistar or claro']
10:06:26: [u'clothes']
09:43:56: [u'beer', u' alcohol', u' drinks', u' food', u' mojito', u' tona', u' beach']
12:00:10: [u'']
12:46:27: [u'']
15:10:33: [u'']
16:24:31: [u'Sailing', u' Trip to beaches', u' sunset view', u' surf', u' relax']
16:26:03: [u'Sailing', u' Trip to beaches', u' sunset view', u' surf', u' relax']
01:06:39: [u'']
01:08:07: [u'']
11:13:34: [u'motorcycles rentals']
11:20:39: [u'motorcycles rentals']
11:23:12: [u'motorcycles rentals']
11:28:23: [u'']
11:29:56: [u'']
11:30:11: [u'']
11:34:37: [u'sports drinks', u'natural drinks', u'fight club', u'fight night', u'gym', u'fitness', u'personal training', u'jiujit su', u'kick boxing', u'karate', u'boxing', u'weights', u'treadmill']
11:36:39: [u'treadmill', u'weights', u'boxing', u'karate', u'kick boxing', u'jiujit su', u'personal training', u'fitness', u'gym', u'fight night', u'fight club', u'natural drinks', u'sports drinks']
11:39:42: [u'gym', u'massage', u'stationary bike', u'treadmill', u'weights', u'fruit smoothies', u'smoothies', u'protein shakes']
11:41:51: [u'protein shakes', u'smoothies', u'fruit smoothies', u'weights', u'treadmill', u'stationary bike', u'massage', u'gym']
11:50:27: [u'cheap lunch', u'Seafood soups', u'seafood rice', u'lobster/ fish with garlic']
11:55:10: [u'Salads', u'delivery', u'breakfast', u'Pasta', u'drinks', u'Beer', u'pizza']
12:05:09: [u'']
12:05:19: [u'']
12:07:47: [u'']
12:12:48: [u'']
12:22:25: [u'pizza', u'Beer', u'drinks', u'Pasta', u'breakfast', u'delivery', u'Salads']
12:28:34: [u'']
12:28:58: [u'']
13:12:05: [u'']
13:12:26: [u'']
13:37:56: [u'']
13:39:17: [u'']
14:54:26: [u'Laundry']
15:31:57: [u'T-shirts', u' Tank tops', u' san juan surf shirts', u' san juan surf hats', u' eberly hats', u' eberly', u' coffee cup', u' coffee', u' surfboards', u' leash', u' wax ']
17:36:01: [u'land sales', u' property sales', u' property rentals', u' ']
12:27:02: [u'manicures', u' pedicures', u' parafin', u' shellac', u' acrylics', u'exfoliating massages', u' Waxing', u' facials', u' hair coloring', u' cuts', u' treatments']
12:43:12: [u'']
12:44:20: [u'']
13:08:41: [u'manicures', u' pedicures', u' parafin', u' shellac', u' acrylics', u'exfoliating massages', u' Waxing', u' facials', u' hair coloring', u' cuts', u' treatments']
13:10:28: [u'manicures', u' pedicures', u' parafin', u' shellac', u' acrylics', u'exfoliating massages', u' Waxing', u' facials', u' hair coloring', u' cuts', u' treatments']
13:11:32: [u'manicures', u'pedicures', u'parafin', u'shellac', u'acrylics', u'exfoliating massages', u'Waxing', u'facials', u'hair coloring', u'cuts', u'treatments']
15:06:45: [u'accommodation', u' hotel', u' dorm room', u' full bar', u' restaurant', u' surf company', u' pool', u'']
15:08:28: [u'accommodation', u'hotel', u'dorm room', u'full bar', u'restaurant', u'surf company', u'pool', u'']
15:41:21: [u'skateboard park', u' pool', u' accommodation', u' hotel', u' resort', u' restaurant', u' bar', u' ']
15:42:23: [u'']
15:43:37: [u'skateboard park', u' pool', u' accommodation', u' hotel', u' resort', u' restaurant', u' bar', u' ']
11:20:39: [u'Steak', u' Burger', u' French Fries', u' Salad', u' Grill']
11:37:33: [u'Steak', u'Burger', u'French Fries', u'Salad', u'Grill']
12:21:14: [u'Dogs', u'Cats', u'Horses', u'Veterinarian Clinic']
12:24:13: [u'Veterinarian Clinic', u'Horses', u'Cats', u'Dogs', u'pet', u' vaccines']
12:26:20: [u'Dogs', u'Cats', u'Horses', u'Veterinarian Clinic', u'pet', u'vaccines']
09:33:46: [u'Hostal', u' Hostel', u' Shuttle']
10:37:14: [u'beers', u'burgers', u'Pasta', u'full bar', u'food', u'fish', u'fish filet']
11:00:23: [u'American Food Products', u'Sunscreen', u'sunblock', u'sun block', u'Ramen', u'wine', u'liquor', u'cigarettes', u'feta cheese']
11:33:21: [u'Lodging', u' accomodation', u' cheap hostel']
12:03:59: [u'Lunch', u' Dinner', u' Drinks', u' Beers', u' Caribbean', u' Delis', u' Greek', u' Mediterranean', u' Latin American', u' Sandwiches and Tapas Bars']
12:15:02: [u'Sandwiches and Tapas Bars', u'Latin American', u'Mediterranean', u'Greek', u'Delis', u'Caribbean', u'beers', u'drinks', u'Dinner', u'Lunch']
14:19:59: [u'food', u'drinks']
14:32:51: [u'drinks', u'food']
14:58:45: [u'']
16:27:34: [u'motorcycles rentals']
17:21:05: [u'Breakfast', u' Lunch', u' Dinner ', u' Drinks', u'Breakfast', u' Brunch', u' Delis', u' Food Stands', u' Greek', u'Mediterranean', u' Italian', u' Latin American', u' Mexican', u'']
17:28:33: [u'']
07:20:00: [u'burritos', u'quesadillas', u'burgers', u'liquors', u'full bar', u'specialty drinks', u'veggie burger', u'salads', u'hamburgers']
07:21:53: [u'Grill', u'Salad', u'French Fries', u'Burgers', u'Steak', u'hamburgers']
07:59:15: [u'Surfboard rentals', u'trip to the beaches', u'Surf lessons']
08:00:11: [u'surf lessons', u'transport to the beaches', u'surfboard and boogie rentals', u'snorkeling accessories', u'Surf accessories']
10:50:20: [u'restaurant', u'pool', u'recreation center', u'drinks', u'lunch', u'dinner', u'appetizers']
10:53:07: [u'pool', u'restaurant', u'drinks', u'lunch', u'dinner', u'appetizers']
11:27:18: [u' Barbeque', u' Breakfast', u' Brunch', u' Delis', u' Food Stands', u' Greek', u' Mediterranean', u' Italian', u' Latin American', u' Mexican', u' Sandwiches', u' Seafood', u' Soul Food', u' Tex-Mex', u' Turkish', u' Vegan', u' Vegetarian']
10:14:57: [u'land sales', u'property sales', u'property rentals', u'']
10:31:50: [u'cap', u' private transportation', u' airport transfer', u' san juan transfer', u' shuttles']
10:33:05: [u'cap', u'private transportation', u'airport transfer', u'san juan transfer', u'shuttles']
10:52:40: [u'transport', u' airport pick up', u' transfer', u' shuttles']
10:53:43: [u'transport', u'airport pick up', u'transfer', u'shuttles']
11:03:14: [u'smoothies', u' quesadillas', u' sandwiches', u' tacos', u' donuts']
11:47:57: [u'rooms', u' accommodation', u' cheap rooms', u' hostal']
11:52:31: [u'rooms', u' accommodation', u' cheap rooms', u' hostal']
11:54:21: [u'Rooms', u'accommodation', u'cheap rooms', u'Hostal']
11:54:52: [u'Hostal', u'cheap rooms', u'accommodation', u'Rooms']
12:11:05: [u'accommodation', u' hotel', u' dorm room', u' cheap rooms']
11:13:07: [u'Hotel', u' restaurant', u' good food', u' pool']
11:42:12: [u'roasted chicken', u' chicken', u' cheap food']
12:08:13: [u'hotel', u'restaurant', u'good food', u'pool']
12:34:52: [u'']
15:16:43: [u'hair cut', u'hair color', u'hair treatment', u'hair style', u'blow out']
07:23:01: [u'Lunch', u'Dinner', u'drinks', u'beers', u'Caribbean', u'Greek', u'Mediterranean', u'Latin American', u'Sandwiches', u'Tapas', u'Bar']
17:11:34: [u'full bar', u' Nicaraguan food', u' beach dining']
17:13:26: [u'full bar', u'Nicaraguan food', u'beach dining']
07:23:54: [u'Tapas', u'Sandwiches', u'Latin American', u'Mediterranean', u'Greek', u'Caribbean', u'beers', u'drinks', u'Dinner', u'Lunch', u'Bar', u'paella']
07:24:23: [u'GG', u'Steak', u'Dinner', u'chicken', u'Carpaccio', u'Pasta', u'fish', u'pasta night']
10:03:06: [u'rental property', u'property manager', u'real estate', u'vacation rentals']
12:19:36: [u'property manager', u'rental property', u'real estate', u'vacation rentals']
12:21:43: [u'vacation rentals', u'real estate', u'rental property', u'property manager']
09:48:32: [u'accommodation', u' hotel']
15:12:09: [u'Hostal', u'Salads', u'Sandwiches', u'Coffee', u'accomodation', u' Hostel']
15:44:31: [u'clothes', u' auric brand', u' t-shirts', u' hats', u' dresses', u' tank tops']
15:44:52: [u'']
16:00:32: [u'clothes', u' auric brand', u' t-shirts', u' hats', u' dresses', u' tank tops']
16:24:39: [u'clothes', u'auric brand', u'T-shirts', u'hats', u'dresses', u'Tank tops']
14:18:51: [u'accommodation']
14:49:19: [u'accommodation', u' lodging', u' canopy', u' sport fishing', u' whale watching', u' car rentals', u' massage', u' catamaran tour', u' surf', u' kayak', u' private trips']
14:50:24: [u'accommodation', u'Lodging', u'canopy', u'sport fishing', u'whale watching', u'car rentals', u'massage', u'catamaran tour', u'surf', u'kayak', u'private trips']
14:50:48: [u'private trips', u'kayak', u'surf', u'catamaran tour', u'massage', u'car rentals', u'whale watching', u'sport fishing', u'canopy', u'Lodging', u'accommodation']
14:51:20: [u'accommodation', u'Lodging', u'canopy', u'sport fishing', u'whale watching', u'car rentals', u'massage', u'catamaran tour', u'surf', u'kayak', u'private trips']
14:58:17: [u'private trips', u'kayak', u'surf', u'catamaran tour', u'massage', u'car rentals', u'whale watching', u'sport fishing', u'canopy', u'Lodging', u'accommodation']
15:58:10: [u'Fish', u' Mahi Mahi', u' Lobster', u' shrimp', u' octopus', u' Tuna', u' Sailfish', u' sardine', u'']
15:59:04: [u'fish', u'Mahi Mahi', u'Lobster', u'shrimp', u'octopus', u'Tuna', u'Sailfish', u'sardine', u'']
16:23:23: [u'Lodging', u'cheap hostel', u'accomodation', u' hostal']
16:30:20: [u'reef sandals', u'brand t-shirts and underclothes']
16:32:33: [u'casual dresses', u'underclothes', u'shoes']
16:34:43: [u'liquors', u'water', u'canned products.']
16:45:08: [u'jewelry', u'women /men and children clothes', u'underclothes', u'flip flops', u'sandals']
16:53:59: [u'credit for phone movistar or claro', u'laptop accessories', u'cell phone accessories']
17:12:30: [u'Haircuts', u'haircuts for men']
11:33:42: [u'accesories for paint', u'Paints']
12:00:24: [u'accommodation', u'Food', u'Drinks', u'Spa', u' pool party', u' hotel']
12:41:39: [u'accommodation', u' hostal', u' hostel', u' lodging']
12:47:50: [u'accommodation', u'hotel', u'dorm room', u'cheap rooms']
12:53:49: [u'T-shirts', u'Tank tops', u'san juan surf shirts', u'san juan surf hats', u'eberly hats', u'eberly', u'coffee cup', u'Coffee', u'surfboards', u'leash', u'wax']
15:21:31: [u'Sailing', u'sunset view', u'Trip to beaches', u'surf', u'relax']
16:10:38: [u'']
16:14:16: [u'hostal', u' guest house', u' hostel', u' lodging', u' accommodation']
16:45:28: [u'accommodation', u' hostal', u' hostel', u' lodging']
16:46:13: [u'accommodation', u'Hostal', u'Hostel', u'Lodging']
11:16:12: [u'Caesars', u' Poutine', u' Sushi', u' Beers']
11:22:10: [u'Caesars', u'Poutine', u'Sushi', u'beers']
11:44:10: [u'accommodation', u' hostal', u' hostel', u' lodging', u' cheap room']
12:11:41: [u'food', u' grocery']
12:20:15: [u'soaps', u'nica fries', u'meat barbecue', u'cheap food', u' nacatamales']
12:21:09: [u'cheap food', u'meat barbecue', u'nica fries', u'soaps', u'nacatamales']
12:36:52: [u'haircuts', u' pedicure', u' manicure', u' hair color', u' massage']
12:37:36: [u'haircuts', u' pedicure', u' manicure', u' hair color', u' massage']
12:38:10: [u'Haircuts', u'Pedicure', u'Manicure', u'hair color', u'massage']
12:39:37: [u'massage', u'hair color', u'Manicure', u'Pedicure', u'Haircuts']
12:47:51: [u'brand t-shirts', u' sandals', u' bathing suits', u' purse', u' wallet', u' dress', u' long dresses ']
12:49:11: [u'brand t-shirts', u'sandals', u'bathing suits', u'purse', u'wallet', u'dress', u'long dresses']
13:24:26: [u'barber', u'shaving', u'hair cut']
14:05:27: [u'Fruit', u'vegetables', u'drinks', u'toys', u'clothes', u'grains', u'meat', u'eggs', u'restaurant', u'garlic', u'market']
14:18:02: [u'Laundry']
14:20:11: [u'']
14:28:16: [u'zinc', u'cement', u'hose']
14:54:29: [u'accommodation', u' hotel ']
15:02:47: [u'hostal', u' guest house', u' hostel', u' lodging', u' accommodation']
15:10:57: [u'Hostal', u'guest house', u'Hostel', u'Lodging', u'accommodation']
15:17:16: [u'pork', u'beef', u'chicken barbecue with Nica fries']
15:42:55: [u'Bloody Mary', u'Craft Beer', u'Taco']
15:47:06: [u'Taco', u'Craft Beer', u'Bloody Mary']
15:53:59: [u'send money', u' receive money', u' pay bills']
16:05:29: [u'syrups', u'serum', u'pills', u'everything on medicine']
16:18:07: [u'roasted chicken', u'chicken', u'cheap food']
16:51:37: [u'accommodation', u' hotel']
17:38:17: [u'hotel', u' room', u' accommodation']
17:48:10: [u'jewelry', u'handcraft', u'Hammocks']
10:02:11: [u'Electricity bill']
10:05:57: [u'recarga Claro or Movistar', u'cell phones', u'phones', u'chargers', u'headphones']
10:18:08: [u'drinks', u'food', u'Alcohol', u'Club', u'DJ']
10:20:46: [u'Dental cleanings', u'resin composites', u'endodontics', u'whitening.']
10:22:07: [u'']
10:26:59: [u'accommodation', u' hostal', u' hostel', u' lodging']
10:27:20: [u'Lodging', u'Hostel', u'Hostal', u'accommodation']
10:46:17: [u'Tank tops', u't-shirts diacachimba']
11:00:49: [u'seafood', u' meat', u' beef', u' pork', u' shrimp', u' lobster', u' restaurant', u' meals']
11:04:01: [u'food', u'grocery']
11:09:05: [u'']
11:11:07: [u'spanish lessons']
11:18:05: [u'ATV', u' Polaris', u' Rent a Car', u' 4*4 vehicle']
11:21:57: [u'nutella', u'beers', u'ice cubes', u'wines', u'pita bread', u'flour', u'italian sauces', u'tomatoes sauces', u'sauces', u'coco milk']
11:40:00: [u'Burritos', u'beers', u'smoothies', u'chicken wings', u'rum', u'Sandwiches']
11:52:44: [u'hostal', u' hostel', u' accommodation']
12:01:15: [u'hotel', u' accommodation']
12:10:00: [u'accommodation', u'Laundry', u'bistro']
12:24:22: [u'chicken wings', u'seafood', u' german food', u' german beers']
12:25:12: [u'seafood', u'chicken wings', u'german food', u'german beers']
12:26:02: [u'german beers', u'german food', u'chicken wings', u'seafood']
14:57:41: [u'food', u'drinks', u' seafood', u' lobster', u' shrimp', u' octopus', u' beers', u' restaurant']
15:03:18: [u'sodas', u'beers', u'Tacos', u'Burritos', u'fish', u'rolled tacos', u'quesadilla']
15:04:28: [u'Financing']
15:06:28: [u'pizzas', u'pastas']
15:20:35: [u'']
15:31:31: [u'water bill', u' water ']
15:42:05: [u'accommodation', u' hostal', u' hostel', u' lodging']
15:53:45: [u'accommodation', u' hostal', u' hostel', u' lodging']
16:01:12: [u'yoga classes']
16:02:34: [u'']
16:03:56: [u'surfboard', u'paddle boards', u'bathing suit', u'shuttles to the beach']
16:06:39: [u'Surfboard rentals', u'trip to the beaches']
16:10:30: [u'turtle tours', u'beach transport', u'surf board rental', u'gift shop', u'travel agency', u'shuttle']
16:16:34: [u'motorcycles rentals']
16:21:22: [u'accommodation', u' hostal', u' hostel', u' lodging', u' cheap room']
16:30:14: [u'pizzas']
16:38:35: [u'hotel', u'accommodation']
16:46:19: [u'diving.', u'trips to the beaches', u'clothes']
16:52:39: [u'beef', u'italian', u'french', u'Rooms', u'hotel', u'chicken', u'Pate', u'Duck', u'pool', u'Sunset', u'fish']
16:57:23: [u'accommodation', u'Rent', u'Motor Bikes', u'Motos', u'Motorcycles', u'Bike']
17:09:47: [u'hair cut', u'shaving', u'barber']
17:13:16: [u'massage', u'chiropractic', u'chiropractor']
17:16:45: [u'chiropractor', u'chiropractic', u'massage']
17:29:32: [u'wraps', u' hamburger', u' quesadillas']
17:29:58: [u'Quesadillas', u'hamburger', u'wraps']
17:40:22: [u'surfboard', u' surf accessories', u' shuttles to the beaches']
17:41:57: [u'surfboard', u' surf accessories', u' shuttles to the beaches']
17:43:33: [u'surfboard', u' surf accessories', u' shuttles to the beaches']
17:51:09: [u'clothes', u'shoes', u'sandals', u'bathing suit']
17:56:04: [u'hotel', u' accommodation', u' lodging']
11:27:11: [u'']
11:36:38: [u'sport fishing trips', u' scuba diving', u' accessories for scuba diving', u' surf']
11:37:16: [u'sport fishing trips', u' scuba diving', u' accessories for scuba diving', u' surf']
11:39:34: [u'sport fishing trips', u' scuba diving', u' accessories for scuba diving', u' surf']
14:58:06: [u'surfboard', u' surf accessories', u' shuttles to the beaches']
15:10:20: [u'Smoothies ']
12:31:36: [u'seafood', u'drinks', u'beef and chicken']
12:36:02: [u'']
12:37:04: [u'chicken', u'beef', u'pork', u'sausage', u'mortadella', u'bacon', u'filet mignon']
12:38:58: [u'fish', u'beers and smothies', u'fish fillet', u'ceviche']
12:49:03: [u'jews house']
13:07:43: [u'French Fries', u'Fried Chicken', u'chicken']
17:14:21: [u'accessories for scuba diving', u'scuba diving', u'Sport fishing trips', u'surf']
17:15:59: [u'men clothes', u'women clothes', u'children clothes', u'underclothes']
17:17:09: [u'clothes and articles for baby', u'cosmetics']
17:19:07: [u'shoes', u'sandals']
17:20:40: [u'notebooks', u'csissors', u'pencil', u'pen', u'folders', u'photocopies']
17:22:24: [u'']
17:23:17: [u'Laundry']
17:23:47: [u'']
17:26:29: [u'Surf accessories', u'surfboard', u'shuttles to the beaches']
17:27:18: [u'']
17:30:40: [u'']
17:31:02: [u'shuttle', u'travel agency', u'gift shop', u'surf board rental', u'beach transport', u'turtle tours', u'tour agency']
17:31:52: [u'']
17:35:03: [u'surf accessories', u'surf lessons', u'surfboard rentals', u'tours']
17:35:47: [u'tours', u'Surfboard rentals', u'Surf lessons', u'Surf accessories']
17:36:00: [u'black sand', u'cement', u'sandpaper', u'bolts', u'electrical wire']
17:37:17: [u'surfboard repair']
17:40:20: [u'accommodation']
17:45:57: [u'smoothies']
17:45:58: [u'tour guides', u'daily excursions', u'daily transport', u'tour operator.']
11:45:43: [u'ceramic']
11:49:25: [u'ceramic']
15:12:11: [u'food', u'drinks', u'Quesadillas', u'Burritos', u'nachos']
15:22:21: [u'Nica Food']
15:38:53: [u'accommodation', u' hostal', u' hostel', u' lodging']
15:41:15: [u'aromatic herbs', u'ornamental plants', u'garden accesories']
15:42:13: [u'turtle tours', u'tour agency', u'beach transport', u'surf board rental', u'gift shop', u'travel agency', u'shuttle']
15:49:05: [u'accommodation', u'breakfast', u' hotel']
16:22:38: [u'library', u' books', u' lend a book']
16:26:32: [u'library', u'books', u'lend a book']
16:30:19: [u'lend a book', u'books', u'library']
16:41:40: [u'wifi access', u'pool', u'tv cable', u'Accommodation with a/c', u' hotel', u' accommodation', u' lodging']
16:50:59: [u'private parking lot', u'swimming pool area', u'sport fishing', u'accommodation', u' hotel']
17:01:42: [u'swimming pool', u'breakfast', u'handicraft store', u'accommodation']
17:07:27: [u'burgers', u'Quesadillas', u'Burritos', u'veggie burger', u'specialty drinks', u'full bar', u'liquors', u'Salads', u'hamburgers']
17:11:07: [u'canopy tours', u'yacht tours', u'plane ticket', u'bus ticket', u'private transport', u'colective transport']
17:12:37: [u'colective transport', u'private transport', u'bus ticket', u'plane ticket', u'yacht tours', u'canopy tours']
17:17:33: [u'Motorcycle rentals ( hours or days).']
21:43:17: [u'sushi', u'fish', u'Asian']
09:59:03: [u'fish', u'Sushi', u'Asian']
10:02:16: [u'surfboard repair']
10:02:58: [u'grocery', u'food']
10:08:11: [u'school', u'teach English', u'education']
10:08:56: [u'school', u'teach English', u'education']
10:18:53: [u'sodas.', u'natural juices', u'drinks', u'food']
10:19:26: [u'food', u'drinks', u'natural juices', u'sodas', u'breakfast', u'lunch', u'dinner']
10:25:22: [u'wraps', u'hamburger', u'Quesadillas']
11:55:59: [u'chicken', u'Fried Chicken', u'French Fries']
12:19:37: [u'sunset cruise', u'boat tour', u'charter boat', u'sail boat', u'booze cruise', u'special events']
12:21:01: [u'sunset cruise', u'boat tour', u'charter boat', u'sail boat', u'booze cruise', u'special events']
12:21:55: [u'special events', u'booze cruise', u'sail boat', u'charter boat', u'boat tour', u'sunset cruise']
12:28:39: [u'French Fries', u'Fried Chicken', u'chicken', u' Arroz con Pollo', u' Breakfast']
12:31:16: [u'Fresh Fish', u' Seafood']
12:32:02: [u'seafood', u'Fresh Fish']
11:18:40: [u'sunset cruise', u'boat tour', u'charter boat', u'sail boat', u'booze cruise', u'special events']
12:56:58: [u'Surf accessories', u'Surf lessons', u'Surfboard rentals', u'tours']
12:57:25: [u'tours', u'Surfboard rentals', u'Surf lessons', u'Surf accessories']
13:00:06: [u'Surf accessories', u'Surf lessons', u'Surfboard rentals', u'tours', u'surf trips', u'beach transport', u'guesthouse']
13:17:18: [u'full bar', u'beer', u'liquor', u'breatkfast', u'lunch', u'dinner', u'steak', u'salad']
13:19:39: [u'Beer', u'full bar', u'Salad', u'Steak', u'Dinner', u'Lunch', u'breatkfast', u'liquor']
13:24:32: [u'banana bread', u'french bread', u'cakes']
15:49:54: [u'full bar', u'fish filet', u'fish', u'smoothies.', u'breakfast', u'Coffee']
15:51:43: [u'hamburgers', u'salads', u'liquors', u'full bar', u'specialty drinks', u'veggie burger', u'burritos', u'quesadillas', u'burgers']
15:54:42: [u'Salads', u'delivery', u'breakfast', u'Pasta', u'drinks', u'Beer', u'pizza']
15:56:45: [u'thursday of culture', u'ceviche fest on sunday', u'Special seafood menu', u'lobsters', u'shrimps', u'Pasta']
16:00:02: [u'fish', u'Pasta', u'Carpaccio', u'chicken', u'Dinner', u'Steak', u'GG', u'pasta night']
16:02:55: [u'Salads', u'Latte', u'Bagels', u'breakfast', u'capuccino.', u'smoothies', u'Sandwiches', u'Coffee', u'Bookstore']
16:06:50: [u'drinks', u'cold or regular coffee', u'donuts']
16:08:59: [u'chicken', u'Fried Chicken', u'French Fries', u'Arroz con Pollo', u'breakfast']
16:13:35: [u'fish', u'Sunset', u'pool', u'Duck', u'Pate', u'chicken', u'hotel', u'Rooms', u'french', u'italian', u'beef']
16:27:57: [u'beef', u'italian', u'french', u'Rooms', u'hotel', u'chicken', u'Pate', u'Duck', u'pool', u'Sunset', u'fish']
16:30:19: [u'Bloody Mary', u'Craft Beer', u'Taco']
16:32:51: [u'pizza', u'beer', u'drinks', u'pasta', u'breakfast', u'delivery', u'salads']
16:39:03: [u'parking', u'breakfast', u'accommodation']
16:44:34: [u'accommodation', u'open kitchen', u'Bar', u'transport to the beaches', u'airport tranfer', u'breakfast']
17:21:17: [u'Sandwiches', u'smoothies', u'Fruit', u'Beer', u'Garden', u'breakfast', u'Coffee', u'Tea', u'Lunch']
09:54:47: [u'soaps', u' natural soaps', u' coconut oil', u' natural cosmetics']
09:55:46: [u'natural cosmetics', u'coconut oil', u'natural soaps', u'soaps']
09:56:26: [u'soaps', u'natural soaps', u'coconut oil', u'natural cosmetics']
09:57:56: [u'natural cosmetics', u'coconut oil', u'natural soaps', u'soaps']
09:58:41: [u'natural cosmetics', u'coconut oil', u'natural soaps', u'soaps']
10:01:49: [u'soaps', u'natural soaps', u'coconut oil', u'natural cosmetics']
10:11:33: [u'natural cosmetics', u'coconut oil', u'natural soaps', u'soaps']
10:12:38: [u'soaps', u'natural soaps', u'coconut oil', u'natural cosmetics']
10:22:24: [u'natural cosmetics', u'coconut oil', u'natural soaps', u'soaps']
10:25:17: [u'soaps', u'natural soaps', u'coconut oil', u'natural cosmetics']
10:26:29: [u'natural cosmetics', u'coconut oil', u'natural soaps', u'soaps']
10:32:51: [u'Vegetables', u' fruits', u' market']
10:33:28: [u'fruits', u'vegetables', u'market']
10:54:25: [u'workshop', u' motorcycle repairs', u' car repairs ']
10:55:00: [u'car repairs', u'motorcycle repairs', u'workshop']
11:03:59: [u'design', u' printing', u' banners', u' advertising', u' adhesives']
11:04:22: [u'advertising', u'banners', u'printing', u'design', u'adhesives']
11:23:44: [u'5 gallon water', u'recharge phone', u'water', u'soda', u'chips', u'snacks']
11:42:58: [u'nica phone credit', u' eggs', u' oil', u' snacks', u' beers', u' soda']
11:43:15: [u'nica phone credit', u'eggs', u'oil', u'snacks', u'beers', u'soda']
11:59:00: [u'notebooks', u' pen', u' pencil', u' scissors', u' glue', u' masking tape', u' bookmarks', u' hair accessories']
11:59:29: [u'notebooks', u'pen', u'pencil', u'scissors', u'glue', u'masking tape', u'bookmarks', u'hair accessories']
12:08:41: [u'']
12:10:01: [u'']
12:30:00: [u'workshop', u' motorcycle repairs', u' car repairs ', u' emergency service']
12:30:44: [u'workshop', u'motorcycle repairs', u'car repairs', u'emergency service']
12:31:20: [u'emergency service', u'car repairs', u'motorcycle repairs', u'workshop']
12:31:35: [u'']
12:53:38: [u'accommodation', u' hostal', u' hostel', u' lodging']
12:54:20: [u'accommodation', u'Hostal', u'Hostel', u'Lodging']
14:03:33: [u'Lodging', u'Hostel', u'Hostal', u'accommodation']
14:07:23: [u'']
14:12:51: [u'Fish', u' Mahi Mahi', u' Lobster', u' shrimp', u' octopus', u' Tuna', u' Sailfish', u' sardine', u'']
14:15:01: [u'fish', u'Mahi Mahi', u'Lobster', u'shrimp', u'octopus', u'Tuna', u'Sailfish', u'sardine', u'']
14:28:56: [u'Fish', u' Tuna', u' Sailfish', u' sardine', u'']
14:29:22: [u'fish', u'Tuna', u'Sailfish', u'sardine', u'']
14:32:19: [u'Fish', u' Tuna', u' Sailfish', u' sardine', u'']
14:42:18: [u'taxi service', u' trips to beaches', u' trip to costa rican border']
15:33:45: [u'taxi service', u' trips to beaches']
15:35:41: [u'taxi service', u'trips to beaches']
15:45:44: [u'taxi service', u' trips to beaches', u' private service ']
15:47:02: [u'taxi service', u'trips to beaches', u'private service']
15:48:08: [u'trips to beaches', u'taxi service']
15:54:44: [u'taxi service', u' trips to beaches', u' private service ']
15:56:55: [u'taxi service', u' trips to beaches', u' private transportation']
16:06:21: [u'alcohol', u' pill', u' Advil', u'powder', u' baby milk', u' gauze']
12:28:40: [u'Fish', u' Mahi Mahi', u' Lobster', u' shrimp', u' octopus', u' Tuna', u' Sailfish', u' sardine', u'']
12:37:28: [u'Fish', u' Mahi Mahi', u' Lobster', u' shrimp', u' octopus', u' Tuna', u' Sailfish', u' sardine', u'']
15:09:42: [u'adhesives', u'design', u'printing', u'banners', u'advertising']
16:26:19: [u'advertising', u'banners', u'printing', u'design', u'adhesives']
17:18:30: [u'adhesives', u'design', u'printing', u'banners', u'advertising']
10:08:03: [u'Smoothies ']
10:44:04: [u'smoothies']
10:54:49: [u'smoothies']
11:53:54: [u'medicine for pets', u'necklaces', u'Pets food']
12:03:36: [u'T-shirts with the logo of Diacachimba', u'hats', u'handicraft', u'tobaccos.']
12:10:14: [u't-shirts diacachimba', u'Tank tops']
12:10:51: [u't-shirts diacachimba', u'Tank tops']
12:12:58: [u'Tank tops', u't-shirts diacachimba']
17:54:10: [u'cosmetics', u'clothes and articles for baby']
18:00:34: [u'accessories.', u'cigarettes']
15:26:34: [u'physical therapist', u'physio']
15:29:01: [u'physical therapist', u'physio']
15:29:54: [u'physio', u'physical therapist']
11:10:04: [u'Laundry']
11:26:47: [u'everything on medicine', u'pills', u'serum', u'syrups']
11:29:19: [u'jews house']
11:29:50: [u'Pediatric']
11:32:49: [u'internet', u'printing', u'photocopies', u'scan', u'international calls']
11:39:15: [u'Alcohol', u'pill', u'Advil', u'powder', u'baby milk', u'gauze']
11:56:49: [u'sunblock', u'sun cream', u'Alcohol', u'gauze', u'syrups', u'pills', u'anti allergic']
12:00:51: [u'Pedicure', u'Manicure', u'massage', u'Spa', u'Laundry']
12:11:07: [u'Laundry']
12:21:06: [u'trip to the beaches', u'Surfboard rentals']
12:22:54: [u'food', u'grocery']
12:30:46: [u'taxi service', u'trips to beaches', u'private transportation']
17:18:54: [u'private transportation', u'trips to beaches', u'taxi service']
17:26:33: [u'private service', u'trips to beaches', u'taxi service']
09:53:05: [u'jewelry', u'shoes', u'Clothes for all ages']
10:01:54: [u'sports drinks', u'natural drinks', u'fight club', u'fight night', u'gym', u'fitness', u'personal training', u'jiujit su', u'kick boxing', u'karate', u'boxing', u'weights', u'treadmill']
10:23:19: [u'Hostel', u'accommodation', u'Lodging']
10:28:35: [u'shoes', u'underclothes', u'casual dresses']
10:33:27: [u'tour operator.', u'daily transport', u'daily excursions', u'tour guides']
10:44:09: [u'road service', u'key copy', u'paint']
10:47:28: [u'internet', u'web design', u'Maintenance and repair to computers']
10:49:21: [u'souvenirs', u'accomodation']
10:54:14: [u'accomodation', u'souvenirs']
10:56:23: [u'']
11:10:47: [u'cosmetics', u'brand sandals', u'flip flops', u'bathing suits', u'Clothes for all ages', u'Bikinis', u'dresses', u'skirts', u'bags', u'purses']
14:15:26: [u'sew', u'cloth', u'thread', u'buttons.', u'Fabric', u'seamstress']
14:26:53: [u'']
15:41:11: [u'roas']
17:24:52: [u'Motorcycle rentals ( hours or days).']
10:26:01: [u'donuts', u'cold or regular coffee', u'drinks']
10:51:54: [u'Hammocks', u'handcraft', u'jewelry']
11:17:36: [u'vaccines', u'pet', u'Veterinarian Clinic', u'Horses', u'Cats', u'Dogs']
11:18:15: [u'smoothies']
15:37:27: [u'']
15:52:28: [u'Pets food', u'necklaces', u'medicine for pets']
09:56:45: [u'seafood.', u'paellas', u'Spanish cakes']
10:31:50: [u'transportation', u'motorcycles rentals']
11:07:56: [u'masaya clothes', u'men and women clothes', u'shoes']
11:09:15: [u'shoes', u'men and women clothes', u'masaya clothes']
11:11:51: [u'Spanish cakes', u'paellas', u'seafood.']
11:23:56: [u'advertising', u'banners', u'printing', u'design', u'adhesives']
11:45:59: [u'garden accesories', u'ornamental plants', u'aromatic herbs']
12:02:47: [u'water', u'drinks', u'cookies']
12:02:48: [u'water', u'drinks', u'cookies']
14:50:00: [u'']
16:10:35: [u'accommodation']
09:45:06: [u'Hostal', u'guest house', u'Hostel', u'Lodging', u'accommodation']
10:45:18: [u'accomodation', u'Coffee', u'Sandwiches', u'Salads', u'Hostal', u'Hostel']
10:45:52: [u'market', u'garlic', u'restaurant', u'eggs', u'meat', u'grains', u'clothes', u'toys', u'drinks', u'vegetables', u'Fruit']
12:35:40: [u'accommodation', u'Hostal', u'Hostel', u'Lodging']
12:45:13: [u'food', u'pool table', u'liquors']
12:46:02: [u'gym', u'massage', u'stationary bike', u'treadmill', u'weights', u'fruit smoothies', u'smoothies', u'protein shakes']
14:30:03: [u'shuttles to the beach', u'bathing suit', u'paddle boards', u'surfboard']
14:31:53: [u'surfboard', u'paddle boards', u'bathing suit', u'shuttles to the beach']
15:14:25: [u'hostal', u' hostel', u' accommodation']
15:14:54: [u'']
15:19:36: [u'']
15:23:08: [u'accommodation', u'Hostal', u'Hostel', u'Lodging']
15:40:15: [u'wax', u'leash', u'surfboards', u'Coffee', u'coffee cup', u'eberly', u'eberly hats', u'san juan surf hats', u'san juan surf shirts', u'Tank tops', u'T-shirts']
12:41:32: [u'']
12:52:03: [u'tobaccos.', u'handicraft', u'hats', u'T-shirts with the logo of Diacachimba']
09:52:15: [u'cigarettes', u'accessories.']
09:52:55: [u'cigarettes', u'accessories.']
09:59:14: [u'Motorcycle rentals ( hours or days).']
10:00:04: [u'motorcycles rentals']
10:18:55: [u'breakfast', u'Arroz con Pollo', u'French Fries', u'Fried Chicken', u'chicken']
10:23:40: [u'Fresh Fish', u'seafood']
10:43:09: [u'Pediatric']
11:08:52: [u'']
11:28:19: [u'sandals', u'shoes']
13:35:08: [u'maintenance', u'installation', u'Propane Gas']
13:38:26: [u'Propane Gas', u'installation', u'maintenance']
13:46:32: [u'accommodation', u'Lodging', u'canopy', u'sport fishing', u'whale watching', u'car rentals', u'massage', u'catamaran tour', u'surf', u'kayak', u'private trips']
13:47:36: [u'international calls', u'scan', u'photocopies', u'printing', u'internet']
13:51:33: [u'fish', u'drinks', u'food']
13:54:19: [u'Nica Food']
14:05:47: [u'Coffee', u'breakfast', u'smoothies.', u'fish', u'fish filet', u'full bar']
14:06:56: [u'Laundry']
14:12:43: [u'Pit-zas Gyros', u'Breaksfast', u'Fish Tacos']
14:13:42: [u'food', u'drinks', u'fish']
14:20:11: [u'liquor', u'breatkfast', u'Lunch', u'Dinner', u'Steak', u'Salad', u'full bar', u'Beer']
14:26:37: [u'syrups', u'serum', u'pills', u'everything on medicine']
14:30:33: [u'Medicine', u' pharmacy', u' drug store']
14:37:19: [u'physical therapist', u'physio']
14:38:18: [u'whales sighting', u'tours to Tortuga', u'tour around the beaches', u'fish tours']
14:53:44: [u'fish tours', u'tour around the beaches', u'tours to Tortuga', u'whales sighting']
14:55:29: [u'whales sighting', u'tours to Tortuga', u'tour around the beaches', u'fish tours']
14:56:12: [u'meat', u'seafood', u'beef', u'pork', u'shrimp', u'Lobster', u'restaurant', u'meals']
14:56:50: [u'pharmacy', u' drug store', u' medicine']
14:57:28: [u'gauze', u'baby milk', u'powder', u'Advil', u'pill', u'Alcohol', u' pharmacy', u' drug store']
15:34:11: [u'accommodation', u'Lodging', u'Hostel', u'guest house', u'Hostal']
15:47:25: [u'casual dresses', u'underclothes', u'shoes']
15:58:32: [u'adhesives', u'design', u'printing', u'banners', u'advertising']
16:24:59: [u'desert', u' cakes', u' banana bread', u' bread']
16:25:21: [u'desert', u'bread', u'banana bread', u'cakes']
16:34:11: [u'cakes', u'banana bread', u'bread', u'desert']
16:39:40: [u'desinfectants', u'Bleach', u'muriatic acids']
16:52:12: [u'hotel']
09:12:18: [u'accommodation', u'Hostal', u'Hostel', u'Lodging']
09:32:06: [u'wines', u'national and international liquors', u'snacks', u'canned products']
09:35:00: [u'canned products', u'snacks', u'national and international liquors', u'wines']
09:35:39: [u'wines', u'national and international liquors', u'snacks', u'canned products']
09:47:52: [u'breakfast', u'airport tranfer', u'transport to the beaches', u'Bar', u'open kitchen', u'accommodation']
10:15:27: [u'drug store', u'pharmacy', u'Alcohol', u'pill', u'Advil', u'powder', u'baby milk', u'gauze']
10:35:16: [u'medicine for pets', u'necklaces', u'Pets food']
13:34:06: [u'maintenance', u'installation', u'Propane Gas']
13:58:13: [u'snacks', u' sodas', u' beers', u' rum', u' rice', u' beans', u' vegetables', u' bread', u' sauces', u' candies', u' liquors']
14:06:49: [u'rum', u'beers', u'sodas', u'snacks', u'rice', u'beans', u'vegetables', u'bread', u'sauces', u'candies', u'liquors']
14:47:06: [u'ceviche', u'fish fillet', u'beers and smothies', u'fish']
14:49:37: [u'Hostel', u'Hostal', u'Salads', u'Sandwiches', u'Coffee', u'accomodation']
09:54:33: [u'Quesadillas', u'Burritos', u'Sandwiches', u'Coffee']
10:37:22: [u'eggs (wholesale)', u'whole chickens']
10:38:08: [u'fish', u'beers and smothies', u'fish fillet', u'ceviche']
10:39:24: [u'Pediatric']
10:41:34: [u'Lodging', u'accommodation', u'Hostel']
10:42:43: [u'Rooms', u'accommodation', u'cheap rooms', u'Hostal']
10:49:05: [u'music to dance', u'good environment', u'cold beers', u'safety', u'fish', u'food']
10:49:53: [u'quesadilla', u'rolled tacos', u'fish', u'Burritos', u'Tacos', u'beers', u'sodas']
11:53:21: [u'cafe']
11:56:22: [u'filet mignon', u'bacon', u'mortadella', u'sausage', u'pork', u'beef', u'chicken']
14:14:42: [u'accessories.', u'cigarettes']
14:17:08: [u'internet', u'printing', u'photocopies', u'scan', u'international calls']
14:18:25: [u'']
14:19:04: [u'']
14:20:00: [u'Coffee', u'Sandwiches', u'Burritos', u'Quesadillas']
14:20:34: [u'Quesadillas', u'Burritos', u'Sandwiches', u'Coffee']
14:22:00: [u'Bleach', u' pool products']
14:24:33: [u'anti allergic', u'pills', u'syrups', u'gauze', u'Alcohol', u'sun cream', u'sunblock']
14:29:20: [u'']
14:41:00: [u'chair repairs', u' rush chair']
14:41:47: [u'chair repairs', u'rush chair']
15:07:38: [u'Medicine', u'drug store', u'pharmacy']
15:24:54: [u'hair cut', u'hair color', u'hair treatment', u'hair style', u'blow out']
15:40:03: [u'rush chair', u'chair repairs']
16:49:30: [u'keratin', u'hair treatments', u'smoothing', u'hair cut.']
08:26:24: [u'Eco Friendly Hotel', u'pool', u'Cocktails', u'Rooms']
10:37:44: [u'Laundry', u'Spa', u'massage', u'Manicure', u'Pedicure']
10:41:36: [u'Pedicure', u'Manicure', u'massage', u'Spa', u'Laundry']
10:59:37: [u'Lodging', u'Hostel', u'Hostal', u'accommodation']
14:02:25: [u'instruments', u' guitar', u' ukeleles']
14:05:12: [u'ukeleles', u'guitar', u'instruments']
15:23:33: [u'instruments', u'guitar', u'ukeleles']
16:49:09: [u'lubricants.', u'Repairing and Maintenance to motorcycles']
10:48:22: [u'Post office', u' postal card']
11:07:48: [u'Post office', u'postal card', u' stamps']
15:08:17: [u'travel agency', u'tour agency', u'customized tours']
09:11:49: [u'donuts', u'coffee', u'iced coffee', u'coffee to go']
09:32:28: [u'tacos', u'margaritas', u'beer', u'Mexican food']
09:36:42: [u'Tacos', u'margaritas', u'Beer', u'Mexican Food']
14:57:37: [u'Mums and Bums', u' baby gear rental', u' indoor playground', u" children's clothing store", u' classes', u' kids climbing wall', u' Lego table', u' coffee', u' WiFi']
15:05:53: [u'Mums and Bums', u'baby gear rental', u'indoor playground', u"children's clothing store", u'classes', u'kids climbing wall', u'Lego table', u'Coffee', u'WiFi', u' trampoline']
15:07:33: [u'wifi', u'Coffee', u'Lego table', u'kids climbing wall', u'classes', u"children's clothing store", u'indoor playground', u'baby gear rental', u'Mums and Bums', u'trampoline']
15:11:20: [u'trampoline', u'Mums and Bums', u'baby gear rental', u'indoor playground', u"children's clothing store", u'classes', u'kids climbing wall', u'Lego table', u'Coffee', u'wifi']
15:15:59: [u'Mexican Food', u'Beer', u'margaritas', u'Tacos']
15:17:23: [u'Tacos', u'margaritas', u'Beer', u'Mexican Food']
15:18:36: [u'Mexican Food', u'Beer', u'margaritas', u'Tacos']
15:20:35: [u'Tacos', u'margaritas', u'Beer', u'Mexican Food', u'chilaquiles', u'quesadillas', u'tequila', u'ocean view']
15:26:39: [u'Mexican Food', u'Beer', u'margaritas', u'Tacos', u'chilaquiles', u'Quesadillas', u'tequila', u'ocean view']
15:27:15: [u'ocean view', u'tequila', u'Quesadillas', u'chilaquiles', u'Tacos', u'margaritas', u'Beer', u'Mexican Food']
15:36:15: [u'beach dining', u'Nicaraguan food', u'full bar']
16:59:57: [u'Steak', u'cheeseburgers', u'French Fries', u'Salad', u'Grill', u'hamburgers']
11:58:05: [u'liquors', u' wine', u'rum', u' beers', u' bread', u' rice', u' beans', u' bread', u' lemons', u' cigarettes', u' oil']
13:41:01: [u'phones', u" phone's accessories", u' movistar']
14:55:17: [u'Laundry', u'Spa', u'massage', u'Manicure', u'Pedicure']
15:00:22: [u'phones', u"phone's accessories", u'movistar']
15:20:53: [u'ATM']
15:21:58: [u'ATM']
15:30:38: [u'ATM']
15:36:36: [u'ATM']
15:39:07: [u'ATM']
15:40:41: [u'ATM']
16:51:15: [u'cleaning', u'drinks', u'all kind of products for food']
09:13:50: [u'foundations roof', u' landscaping', u' pool', u' construction']
09:37:41: [u'foundations roof', u'landscaping', u'pool', u'construction']
08:59:25: [u'beef and chicken', u'drinks', u'seafood']
08:59:35: [u'beef and chicken', u'drinks', u'seafood']
09:26:17: [u'seafood', u'drinks', u'beef and chicken']
10:05:56: [u'TransNica Tickets', u' tours package', u' shuttle to MGA Airport']
10:15:09: [u'TransNica Tickets', u'tours package', u'shuttle to MGA Airport']
10:15:40: [u'shuttle to MGA Airport', u'tours package', u'TransNica Tickets']
10:51:20: [u'accommodation', u'Hostal', u'Hostel', u'Lodging']
11:12:35: [u'clothes for men and women', u'handicraft', u'souvenirs']
11:28:01: [u'souvenirs', u'handicraft', u'clothes for men and women']
10:02:51: [u'']
10:30:08: [u'']
10:32:03: [u'']
10:54:22: [u'']
11:25:20: [u'Barbecue', u'American (Traditional)', u'Brunch', u'burgers', u'Italian food', u'seafood', u'Steakhouses', u'Vegetarian food', u'drinks']
11:26:20: [u'drinks', u'Vegetarian food', u'Steakhouses', u'seafood', u'Italian food', u'burgers', u'Brunch', u'American (Traditional)', u'Barbecue']
11:45:55: [u'']
14:54:59: [u'']
14:40:50: [u'tattoo&piercing ']
22:40:36: [u'Custom Surfboards']
09:08:02: [u'tattoo&piercing']
11:01:16: [u'tattoo & piercing']
18:47:57: [u'Luxury Palapas', u' exercise classes', u' healthy food', u' pizza', u' massage', u' physiotherapy', u' horse riding. ']
07:26:47: [u'']
07:42:00: [u'']
08:14:42: [u'Rental surfboards', u'Surf lesson', u'Boat trips', u'Fishing', u'Sailing', u'Lens+Water Photoshot.']
08:17:22: [u'']
08:21:01: [u'Rental surfboards', u'Surf lesson', u'Boat trips', u'Fishing', u'Sailing', u'Lens+Water Photoshot.']
08:31:49: [u'']
09:04:38: [u'Luxury Palapas', u'exercise classes', u'healthy food', u'pizza', u'massage', u'physiotherapy', u'horse riding.']
09:10:13: [u'Custom Surfboards']
09:18:17: [u'Surf lessons', u'trip to the beaches', u'Surfboard rentals']
09:18:50: [u'Custom Surfboards']
09:20:35: [u'Surf lesson', u'Rental surfboards', u'Boat trips', u'Fishing', u'Sailing', u'Lens+Water Photoshot.']
09:48:40: [u'headphones', u'chargers', u'phones', u'cell phones', u'recarga Claro or Movistar']
09:51:00: [u'tattoo & piercing']
09:26:40: [u'seafood', u' meat', u' beef', u' pork', u' shrimp', u' lobster', u' restaurant', u' meals']
09:31:43: [u'seafood', u'meat', u'beef', u'pork', u'shrimp', u'Lobster', u'restaurant', u'meals']
10:25:04: [u'Spanish lessons', u' home stay']
10:29:51: [u'Spanish lessons', u'home stay']
10:36:59: [u'transportation', u' transfer', u' shuttle', u' trip to MGA']
10:50:43: [u'Shaved Ice']
10:51:12: [u'Shaved Ice']
10:51:41: [u'Shaved Ice']
13:46:22: [u'burgers', u' tex mex food', u' shaved ice']
14:03:18: [u'ATM']
14:05:25: [u'ATM']
15:30:18: [u'ATM']
13:47:55: [u'fish', u'drinks', u'food']
15:27:26: [u'special events', u'booze cruise', u'sail boat', u'charter boat', u'boat tour', u'sunset cruise', u'snorkel']
06:46:29: [u'Rental surfboards', u'Surf lesson', u'Boat trips', u'Fishing', u'Sailing', u'Lens+Water Photoshot.']
06:50:24: [u'Lens Water Photoshoot', u'Sailing', u'Fishing', u'Boat trips', u'Rental surfboards', u'Surf lesson']
06:51:16: [u'horse riding', u'physiotherapy', u'massage', u'pizza', u'healthy food', u'exercise classes', u'Luxury Palapas']
14:24:38: [u'']
14:29:48: [u'']
10:26:23: [u'Property Sales', u' Land Sales', u' Real Estate']
10:46:02: [u'tour guides', u'daily excursions', u'daily transport', u'tour operator.']
08:59:02: [u'desert', u'bread', u'banana bread', u'cakes', u'tres leches']
09:01:14: [u'cakes', u'banana bread', u'bread', u'desert', u'tres leches']
09:16:44: [u'tres leches', u'desert', u'bread', u'banana bread', u'cakes']
13:42:49: [u'raw and vegan meals', u' juices', u' smoothies', u' deserts']
13:48:02: [u'deserts', u'smoothies', u'juices', u'raw and vegan meals']
13:58:16: [u'Non-profit foundation']
14:06:21: [u'Non-profit foundation']
14:23:58: [u'Pizza', u' Pasta', u' Italian Food']
14:45:50: [u'bathing suit', u' bikinis', u' top', u' bottoms', u' ']
14:51:37: [u'bathing suit', u'Bikinis', u'top', u'bottoms', u'']
11:33:17: [u'sport', u' taekwondo']
14:12:18: [u'cakes', u'banana bread', u'bread', u'dessert', u'tres leches']
14:37:03: [u'Phones', u" phone's accessories", u' mobile', u' internet', u' internet bill', u' phone bill']
14:40:48: [u'phones', u"phone's accessories", u'mobile', u'internet', u'internet bill', u'phone bill']
15:10:35: [u'raw and vegan meals', u'juices', u'smoothies', u'desserts']
09:00:23: [u'm', u't', u'o', u'b', u'', u'', u's', u'p', u'i', u'k', u'n', u'a', u'h', u'g', u'', u'u']
10:33:51: [u'bathing suit', u' bikinis', u' top', u' bottoms', u' ']
14:06:19: [u'dressmaker', u' sewing', u' dress designer']
17:06:16: [u'meals', u'restaurant', u'Lobster', u'shrimp', u'pork', u'beef', u'seafood', u'meat', u' breakfast']
17:07:05: [u'Spanish lessons']
08:33:31: [u'accommodation', u'breakfast', u'parking']
08:42:11: [u'Bookstore', u'Coffee', u'Sandwiches', u'smoothies', u'capuccino.', u'breakfast', u'Bagels', u'Latte', u'Salads']
08:42:37: [u'Salads', u'Latte', u'Bagels', u'breakfast', u'capuccino.', u'smoothies', u'Sandwiches', u'Coffee', u'Bookstore']
13:07:19: [u'tours', u'Surfboard rentals', u'Surf lessons', u'Surf accessories', u'guesthouse', u'beach transport', u'surf trips']
13:13:17: [u'surf trips', u'beach transport', u'guesthouse', u'Surf accessories', u'Surf lessons', u'Surfboard rentals', u'tours']
10:35:15: [u'hotel', u'full bar', u'pool', u'casitas', u'restaurant', u'']
14:25:37: [u'dress designer', u'sewing', u'dressmaker']
11:41:35: [u'sport', u'taekwondo']
12:19:28: [u'taekwondo', u'sport']
12:37:39: [u'Relaxing massage', u' Deep tissue massage', u'  Customized Yoga classes', u' hostal', u' lodging', u' hostel']
14:07:07: [u'Italian food', u'Pasta', u'pizza']
14:28:54: [u' Learning Spanish', u' Cooking Classes', u' Into the Cloud Technology', u' Cheese Making', u' Art ']
07:49:28: [u'chair repairs', u'cane chairs']
11:48:02: [u'purses', u'bags', u'skirts', u'dresses', u'Bikinis', u'Clothes for all ages', u'bathing suits', u'flip flops', u'brand sandals', u'cosmetics']
15:07:13: [u'Pizza', u' Salads', u' Burgers', u' Quesadillas', u' drinks', u' beers', u' smoothies', u' Pasta', u' ']
15:12:23: [u'Mexican Food', u'Beer', u'margaritas', u'Tacos', u'chilaquiles', u'Quesadillas', u'tequila', u'ocean view']
15:25:35: [u'ocean view', u'tequila', u'Quesadillas', u'chilaquiles', u'Tacos', u'margaritas', u'Beer', u'Mexican Food']
